<?xml version="1.0" encoding="UTF-8"?>
<!-- Generated by org.testng.reporters.JUnitReportReporter -->
<testsuite skipped="0" hostname="DESKTOP-OFQD2EJ" name="Testng.TestngFramework" tests="1" failures="0" timestamp="2022-02-19T23:09:56 IST" time="0.018" errors="0">
  <testcase name="Demo" time="0.018" classname="Testng.TestngFramework"/>
  <system-out/>
</testsuite> <!-- Testng.TestngFramework -->
