<?xml version="1.0" encoding="UTF-8"?>
<!-- Generated by org.testng.reporters.JUnitReportReporter -->
<testsuite skipped="0" hostname="DESKTOP-OFQD2EJ" name="Login.Admin_Login" tests="1" failures="0" timestamp="2022-03-23T19:58:26 IST" time="26.681" errors="0">
  <testcase name="Login" time="26.681" classname="Login.Admin_Login"/>
  <system-out/>
</testsuite> <!-- Login.Admin_Login -->
